# JRE version: OpenJDK Runtime Environment Temurin-21.0.2+13 (21.0.2+13) (build 21.0.2+13-LTS)
# Java VM: OpenJDK 64-Bit Server VM Temurin-21.0.2+13 (21.0.2+13-LTS, mixed mode, emulated-client, tiered, compressed oops, compressed class ptrs, g1 gc, windows-amd64)
GC Precious Log:
 CardTable entry size: 512
 Card Set container configuration: InlinePtr #cards 4 size 8 Array Of Cards #cards 16 size 48 Howl #buckets 8 coarsen threshold 3686 Howl Bitmap #cards 512 size 80 coarsen threshold 460 Card regions per heap region 1 cards per card region 4096
 CPUs: 4 total, 4 available
 Memory: 16300M
 Large Page Support: Disabled
 NUMA Support: Disabled
 Compressed Oops: Enabled (Zero based)
 Heap Region Size: 2M
 Heap Min Capacity: 8M
 Heap Initial Capacity: 256M
 Heap Max Capacity: 4076M
 Pre-touch: Disabled
 Parallel Workers: 4
 Concurrent Workers: 1
 Concurrent Refinement Workers: 4
 Periodic GC: Disabled
Heap:
 garbage-first heap   total 90112K, used 75305K [0x0000000701400000, 0x0000000800000000)
  region size 2048K, 24 young (49152K), 2 survivors (4096K)
 Metaspace       used 78730K, committed 79424K, reserved 1179648K
  class space    used 10191K, committed 10560K, reserved 1048576K
GC Heap History (20 events):
Event: 4104.323 GC heap after
{Heap after GC invocations=60 (full 4):
 garbage-first heap   total 90112K, used 33798K [0x0000000701400000, 0x0000000800000000)
  region size 2048K, 1 young (2048K), 1 survivors (2048K)
 Metaspace       used 78657K, committed 79488K, reserved 1179648K
  class space    used 10170K, committed 10560K, reserved 1048576K
}
Event: 4324.184 GC heap before
{Heap before GC invocations=60 (full 4):
 garbage-first heap   total 90112K, used 76806K [0x0000000701400000, 0x0000000800000000)
  region size 2048K, 22 young (45056K), 1 survivors (2048K)
 Metaspace       used 78667K, committed 79488K, reserved 1179648K
  class space    used 10172K, committed 10560K, reserved 1048576K
}
Event: 4324.195 GC heap after
{Heap after GC invocations=61 (full 4):
 garbage-first heap   total 90112K, used 33251K [0x0000000701400000, 0x0000000800000000)
  region size 2048K, 1 young (2048K), 1 survivors (2048K)
 Metaspace       used 78667K, committed 79488K, reserved 1179648K
  class space    used 10172K, committed 10560K, reserved 1048576K
}
Event: 4419.068 GC heap before
{Heap before GC invocations=62 (full 4):
 garbage-first heap   total 90112K, used 53731K [0x0000000701400000, 0x0000000800000000)
  region size 2048K, 12 young (24576K), 1 survivors (2048K)
 Metaspace       used 77265K, committed 78784K, reserved 1179648K
  class space    used 10049K, committed 10560K, reserved 1048576K
}
Event: 4419.126 GC heap after
{Heap after GC invocations=63 (full 5):
 garbage-first heap   total 90112K, used 22504K [0x0000000701400000, 0x0000000800000000)
  region size 2048K, 0 young (0K), 0 survivors (0K)
 Metaspace       used 77240K, committed 78784K, reserved 1179648K
  class space    used 10044K, committed 10560K, reserved 1048576K
}
Event: 4419.911 GC heap before
{Heap before GC invocations=63 (full 5):
 garbage-first heap   total 90112K, used 73704K [0x0000000701400000, 0x0000000800000000)
  region size 2048K, 26 young (53248K), 0 survivors (0K)
 Metaspace       used 77530K, committed 78784K, reserved 1179648K
  class space    used 10101K, committed 10560K, reserved 1048576K
}
Event: 4419.918 GC heap after
{Heap after GC invocations=64 (full 5):
 garbage-first heap   total 90112K, used 27679K [0x0000000701400000, 0x0000000800000000)
  region size 2048K, 3 young (6144K), 3 survivors (6144K)
 Metaspace       used 77530K, committed 78784K, reserved 1179648K
  class space    used 10101K, committed 10560K, reserved 1048576K
}
Event: 4420.518 GC heap before
{Heap before GC invocations=65 (full 5):
 garbage-first heap   total 90112K, used 72735K [0x0000000701400000, 0x0000000800000000)
  region size 2048K, 25 young (51200K), 3 survivors (6144K)
 Metaspace       used 78084K, committed 78848K, reserved 1179648K
  class space    used 10142K, committed 10560K, reserved 1048576K
}
Event: 4420.528 GC heap after
{Heap after GC invocations=66 (full 5):
 garbage-first heap   total 90112K, used 31551K [0x0000000701400000, 0x0000000800000000)
  region size 2048K, 3 young (6144K), 3 survivors (6144K)
 Metaspace       used 78084K, committed 78848K, reserved 1179648K
  class space    used 10142K, committed 10560K, reserved 1048576K
}
Event: 4429.876 GC heap before
{Heap before GC invocations=66 (full 5):
 garbage-first heap   total 90112K, used 56127K [0x0000000701400000, 0x0000000800000000)
  region size 2048K, 16 young (32768K), 3 survivors (6144K)
 Metaspace       used 78113K, committed 78848K, reserved 1179648K
  class space    used 10149K, committed 10560K, reserved 1048576K
}
Event: 4429.946 GC heap after
{Heap after GC invocations=67 (full 6):
 garbage-first heap   total 90112K, used 25567K [0x0000000701400000, 0x0000000800000000)
  region size 2048K, 0 young (0K), 0 survivors (0K)
 Metaspace       used 77361K, committed 78784K, reserved 1179648K
  class space    used 10077K, committed 10560K, reserved 1048576K
}
Event: 4431.782 GC heap before
{Heap before GC invocations=67 (full 6):
 garbage-first heap   total 90112K, used 74719K [0x0000000701400000, 0x0000000800000000)
  region size 2048K, 24 young (49152K), 0 survivors (0K)
 Metaspace       used 77534K, committed 78784K, reserved 1179648K
  class space    used 10103K, committed 10560K, reserved 1048576K
}
Event: 4431.788 GC heap after
{Heap after GC invocations=68 (full 6):
 garbage-first heap   total 90112K, used 29612K [0x0000000701400000, 0x0000000800000000)
  region size 2048K, 2 young (4096K), 2 survivors (4096K)
 Metaspace       used 77534K, committed 78784K, reserved 1179648K
  class space    used 10103K, committed 10560K, reserved 1048576K
}
Event: 4432.411 GC heap before
{Heap before GC invocations=69 (full 6):
 garbage-first heap   total 90112K, used 76716K [0x0000000701400000, 0x0000000800000000)
  region size 2048K, 25 young (51200K), 2 survivors (4096K)
 Metaspace       used 78051K, committed 78848K, reserved 1179648K
  class space    used 10134K, committed 10560K, reserved 1048576K
}
Event: 4432.419 GC heap after
{Heap after GC invocations=70 (full 6):
 garbage-first heap   total 90112K, used 32993K [0x0000000701400000, 0x0000000800000000)
  region size 2048K, 4 young (8192K), 4 survivors (8192K)
 Metaspace       used 78051K, committed 78848K, reserved 1179648K
  class space    used 10134K, committed 10560K, reserved 1048576K
}
Event: 4442.872 GC heap before
{Heap before GC invocations=70 (full 6):
 garbage-first heap   total 90112K, used 53473K [0x0000000701400000, 0x0000000800000000)
  region size 2048K, 15 young (30720K), 4 survivors (8192K)
 Metaspace       used 78054K, committed 78848K, reserved 1179648K
  class space    used 10134K, committed 10560K, reserved 1048576K
}
Event: 4442.948 GC heap after
{Heap after GC invocations=71 (full 7):
 garbage-first heap   total 90112K, used 26153K [0x0000000701400000, 0x0000000800000000)
  region size 2048K, 0 young (0K), 0 survivors (0K)
 Metaspace       used 78034K, committed 78848K, reserved 1179648K
  class space    used 10131K, committed 10560K, reserved 1048576K
}
Event: 4444.222 GC heap before
{Heap before GC invocations=71 (full 7):
 garbage-first heap   total 90112K, used 73257K [0x0000000701400000, 0x0000000800000000)
  region size 2048K, 23 young (47104K), 0 survivors (0K)
 Metaspace       used 78212K, committed 78912K, reserved 1179648K
  class space    used 10159K, committed 10560K, reserved 1048576K
}
Event: 4444.227 GC heap after
{Heap after GC invocations=72 (full 7):
 garbage-first heap   total 90112K, used 30249K [0x0000000701400000, 0x0000000800000000)
  region size 2048K, 2 young (4096K), 2 survivors (4096K)
 Metaspace       used 78212K, committed 78912K, reserved 1179648K
  class space    used 10159K, committed 10560K, reserved 1048576K
}
Event: 4453.255 GC heap before
{Heap before GC invocations=73 (full 7):
 garbage-first heap   total 90112K, used 75305K [0x0000000701400000, 0x0000000800000000)
  region size 2048K, 24 young (49152K), 2 survivors (4096K)
 Metaspace       used 78730K, committed 79424K, reserved 1179648K
  class space    used 10191K, committed 10560K, reserved 1048576K
}

